<?xml version="1.0" encoding="UTF-8"?>
<!-- Generated by org.testng.reporters.JUnitReportReporter -->
<testsuite skipped="0" hostname="PWV59231" name="fr.maif.nomduprojet.tnr.scenarii.PageConnexion" tests="1" failures="0" timestamp="29 aoÃ»t 2018 08:29:31 GMT" time="16.938" errors="0">
  <testcase name="TestMCF" time="16.938" classname="fr.maif.nomduprojet.tnr.scenarii.PageConnexion"/>
</testsuite> <!-- fr.maif.nomduprojet.tnr.scenarii.PageConnexion -->
