<?xml version="1.0" encoding="UTF-8"?>
<!-- Generated by org.testng.reporters.JUnitReportReporter -->
<testsuite skipped="0" hostname="PWV59231" name="fr.maif.nomduprojet.tnr.scenarii.PageAssistance" tests="1" failures="0" timestamp="29 aoÃ»t 2018 08:19:35 GMT" time="117.649" errors="0">
  <testcase name="TestMCF" time="117.649" classname="fr.maif.nomduprojet.tnr.scenarii.PageAssistance"/>
</testsuite> <!-- fr.maif.nomduprojet.tnr.scenarii.PageAssistance -->
