<?xml version="1.0" encoding="UTF-8"?>
<!-- Generated by org.testng.reporters.JUnitReportReporter -->
<testsuite skipped="0" hostname="PWV59231" name="fr.maif.nomduprojet.tnr.scenarii.PageTableauDeBord" tests="1" failures="0" timestamp="29 aoÃ»t 2018 08:39:34 GMT" time="99.927" errors="0">
  <testcase name="TestMCF" time="99.927" classname="fr.maif.nomduprojet.tnr.scenarii.PageTableauDeBord"/>
</testsuite> <!-- fr.maif.nomduprojet.tnr.scenarii.PageTableauDeBord -->
