<?xml version="1.0" encoding="UTF-8"?>
<!-- Generated by org.testng.reporters.JUnitReportReporter -->
<testsuite skipped="0" hostname="PWV59231" name="fr.maif.nomduprojet.tnr.scenarii.NonSocietaire" tests="1" failures="0" timestamp="29 aoÃ»t 2018 07:44:33 GMT" time="86.745" errors="0">
  <testcase name="TestMCF" time="86.745" classname="fr.maif.nomduprojet.tnr.scenarii.NonSocietaire"/>
</testsuite> <!-- fr.maif.nomduprojet.tnr.scenarii.NonSocietaire -->
