<?xml version="1.0" encoding="UTF-8"?>
<!-- Generated by org.testng.reporters.JUnitReportReporter -->
<testsuite skipped="0" hostname="PWV59231" name="fr.maif.nomduprojet.tnr.scenarii.MonClubFacile" tests="1" failures="0" timestamp="29 aoÃ»t 2018 07:35:57 GMT" time="341.544" errors="0">
  <testcase name="TestMCF" time="341.544" classname="fr.maif.nomduprojet.tnr.scenarii.MonClubFacile"/>
</testsuite> <!-- fr.maif.nomduprojet.tnr.scenarii.MonClubFacile -->
