<?xml version="1.0" encoding="UTF-8"?>
<!-- Generated by org.testng.reporters.JUnitReportReporter -->
<testsuite skipped="0" hostname="PWV59231" name="fr.maif.nomduprojet.tnr.scenarii.PageMesCollectes" tests="1" failures="0" timestamp="29 aoÃ»t 2018 08:34:05 GMT" time="61.643" errors="0">
  <testcase name="TestMCF" time="61.643" classname="fr.maif.nomduprojet.tnr.scenarii.PageMesCollectes"/>
</testsuite> <!-- fr.maif.nomduprojet.tnr.scenarii.PageMesCollectes -->
