<?xml version="1.0" encoding="UTF-8"?>
<!-- Generated by org.testng.reporters.JUnitReportReporter -->
<testsuite skipped="0" hostname="PWV59217" name="fr.maif.nomduprojet.tnr.scenarii.pahe_Acc" tests="1" failures="0" timestamp="01 aoÃ»t 2018 12:33:21 GMT" time="30.629" errors="0">
  <testcase name="TestMCF" time="30.629" classname="fr.maif.nomduprojet.tnr.scenarii.pahe_Acc"/>
</testsuite> <!-- fr.maif.nomduprojet.tnr.scenarii.pahe_Acc -->
