<?xml version="1.0" encoding="UTF-8"?>
<!-- Generated by org.testng.reporters.JUnitReportReporter -->
<testsuite skipped="0" hostname="PWV59217" name="fr.maif.nomduprojet.tnr.scenarii.McfInscription" tests="1" failures="0" timestamp="01 aoÃ»t 2018 07:50:01 GMT" time="14.190" errors="0">
  <testcase name="TestMcfInscription" time="14.190" classname="fr.maif.nomduprojet.tnr.scenarii.McfInscription"/>
</testsuite> <!-- fr.maif.nomduprojet.tnr.scenarii.McfInscription -->
