<?xml version="1.0" encoding="UTF-8"?>
<!-- Generated by org.testng.reporters.JUnitReportReporter -->
<testsuite skipped="0" hostname="PWV59231" name="fr.maif.nomduprojet.tnr.scenarii.PageMesVirements" tests="1" failures="0" timestamp="29 aoÃ»t 2018 08:37:07 GMT" time="51.914" errors="0">
  <testcase name="TestMCF" time="51.914" classname="fr.maif.nomduprojet.tnr.scenarii.PageMesVirements"/>
</testsuite> <!-- fr.maif.nomduprojet.tnr.scenarii.PageMesVirements -->
