<?xml version="1.0" encoding="UTF-8"?>
<!-- Generated by org.testng.reporters.JUnitReportReporter -->
<testsuite skipped="0" hostname="PWV59217" name="fr.maif.nomduprojet.tnr.scenarii.McfPageAccueil" tests="1" failures="0" timestamp="01 aoÃ»t 2018 07:49:03 GMT" time="26.532" errors="0">
  <testcase name="TestMCF" time="26.532" classname="fr.maif.nomduprojet.tnr.scenarii.McfPageAccueil"/>
</testsuite> <!-- fr.maif.nomduprojet.tnr.scenarii.McfPageAccueil -->
