<?xml version="1.0" encoding="UTF-8"?>
<!-- Generated by org.testng.reporters.JUnitReportReporter -->
<testsuite skipped="0" hostname="PWV59203" name="fr.maif.nomduprojet.tnr.scenarii.PageAutresSuite" tests="1" failures="0" timestamp="28 aoÃ»t 2018 14:55:20 GMT" time="73.601" errors="0">
  <testcase name="TestMCF" time="73.601" classname="fr.maif.nomduprojet.tnr.scenarii.PageAutresSuite"/>
</testsuite> <!-- fr.maif.nomduprojet.tnr.scenarii.PageAutresSuite -->
