<?xml version="1.0" encoding="UTF-8"?>
<!-- Generated by org.testng.reporters.JUnitReportReporter -->
<testsuite skipped="0" hostname="PWV59217" name="fr.maif.nomduprojet.tnr.scenarii.InscripSocietaireMcf" tests="1" failures="0" timestamp="01 aoÃ»t 2018 10:18:30 GMT" time="43.920" errors="0">
  <testcase name="TestMcfInscription" time="43.920" classname="fr.maif.nomduprojet.tnr.scenarii.InscripSocietaireMcf"/>
</testsuite> <!-- fr.maif.nomduprojet.tnr.scenarii.InscripSocietaireMcf -->
