<?xml version="1.0" encoding="UTF-8"?>
<!-- Generated by org.testng.reporters.JUnitReportReporter -->
<testsuite skipped="0" hostname="PWV59231" name="fr.maif.nomduprojet.tnr.scenarii.PageAccueilMcf" tests="1" failures="0" timestamp="29 aoÃ»t 2018 08:14:13 GMT" time="129.741" errors="0">
  <testcase name="TestMCF" time="129.741" classname="fr.maif.nomduprojet.tnr.scenarii.PageAccueilMcf"/>
</testsuite> <!-- fr.maif.nomduprojet.tnr.scenarii.PageAccueilMcf -->
