<?xml version="1.0" encoding="UTF-8"?>
<!-- Generated by org.testng.reporters.JUnitReportReporter -->
<testsuite skipped="0" hostname="PWV59231" name="fr.maif.nomduprojet.tnr.scenarii.PageAutres" tests="1" failures="0" timestamp="29 aoÃ»t 2018 08:28:17 GMT" time="436.368" errors="0">
  <testcase name="TestMCF" time="436.368" classname="fr.maif.nomduprojet.tnr.scenarii.PageAutres"/>
</testsuite> <!-- fr.maif.nomduprojet.tnr.scenarii.PageAutres -->
