<?xml version="1.0" encoding="UTF-8"?>
<!-- Generated by org.testng.reporters.JUnitReportReporter -->
<testsuite skipped="0" hostname="PWV59217" name="fr.maif.nomduprojet.tnr.scenarii.McfConnexion" tests="1" failures="0" timestamp="01 aoÃ»t 2018 07:50:54 GMT" time="11.002" errors="0">
  <testcase name="TestMcfInscription" time="11.002" classname="fr.maif.nomduprojet.tnr.scenarii.McfConnexion"/>
</testsuite> <!-- fr.maif.nomduprojet.tnr.scenarii.McfConnexion -->
