<?xml version="1.0" encoding="UTF-8"?>
<!-- Generated by org.testng.reporters.JUnitReportReporter -->
<testsuite skipped="0" hostname="PWV59231" name="fr.maif.nomduprojet.tnr.scenarii.ProfilClubEtDeconnexion" tests="1" failures="0" timestamp="29 aoÃ»t 2018 08:44:11 GMT" time="42.489" errors="0">
  <testcase name="TestMCF" time="42.489" classname="fr.maif.nomduprojet.tnr.scenarii.ProfilClubEtDeconnexion"/>
</testsuite> <!-- fr.maif.nomduprojet.tnr.scenarii.ProfilClubEtDeconnexion -->
