<?xml version="1.0" encoding="UTF-8"?>
<!-- Generated by org.testng.reporters.JUnitReportReporter -->
<testsuite skipped="0" hostname="PWV59224" name="fr.maif.monclubfacile.tnr.scenarii.NonSocietaire" tests="1" failures="0" timestamp="03 sept. 2018 12:59:02 GMT" time="84.835" errors="0">
  <testcase name="TestMCF" time="84.835" classname="fr.maif.monclubfacile.tnr.scenarii.NonSocietaire"/>
</testsuite> <!-- fr.maif.monclubfacile.tnr.scenarii.NonSocietaire -->
