<?xml version="1.0" encoding="UTF-8"?>
<!-- Generated by org.testng.reporters.JUnitReportReporter -->
<testsuite skipped="0" hostname="PWV59217" name="fr.maif.nomduprojet.tnr.scenarii.McfNonSocietaire" tests="1" failures="0" timestamp="31 juil. 2018 15:11:13 GMT" time="60.834" errors="0">
  <testcase name="TestMcfInscription" time="60.834" classname="fr.maif.nomduprojet.tnr.scenarii.McfNonSocietaire"/>
</testsuite> <!-- fr.maif.nomduprojet.tnr.scenarii.McfNonSocietaire -->
