<?xml version="1.0" encoding="UTF-8"?>
<!-- Generated by org.testng.reporters.JUnitReportReporter -->
<testsuite skipped="0" hostname="PWV59224" name="fr.maif.monclubfacile.tnr.scenarii.PageAutres" tests="1" failures="0" timestamp="03 sept. 2018 12:59:02 GMT" time="436.038" errors="0">
  <testcase name="TestMCF" time="436.038" classname="fr.maif.monclubfacile.tnr.scenarii.PageAutres"/>
</testsuite> <!-- fr.maif.monclubfacile.tnr.scenarii.PageAutres -->
