<?xml version="1.0" encoding="UTF-8"?>
<!-- Generated by org.testng.reporters.JUnitReportReporter -->
<testsuite skipped="0" hostname="PWV59231" name="fr.maif.nomduprojet.tnr.scenarii.Societaire" tests="1" failures="0" timestamp="29 aoÃ»t 2018 08:42:39 GMT" time="113.600" errors="0">
  <testcase name="TestMCF" time="113.600" classname="fr.maif.nomduprojet.tnr.scenarii.Societaire"/>
</testsuite> <!-- fr.maif.nomduprojet.tnr.scenarii.Societaire -->
