<?xml version="1.0" encoding="UTF-8"?>
<!-- Generated by org.testng.reporters.JUnitReportReporter -->
<testsuite skipped="0" hostname="PWV59217" name="fr.maif.nomduprojet.tnr.scenarii.NonSocietaireMCF" tests="1" failures="0" timestamp="31 juil. 2018 11:00:13 GMT" time="10.403" errors="1">
  <testcase name="TestMcfInscription" time="10.403" classname="fr.maif.nomduprojet.tnr.scenarii.NonSocietaireMCF">
    <error type="java.lang.RuntimeException" message="Unexpected result for screenshot command: null">
      <![CDATA[java.lang.RuntimeException: Unexpected result for screenshot command: null
at org.openqa.selenium.remote.RemoteWebDriver.getScreenshotAs(RemoteWebDriver.java:352)
at com.assertthat.selenium_shutterbug.utils.web.Browser.takeScreenshot(Browser.java:67)
at com.assertthat.selenium_shutterbug.utils.web.Browser.takeScreenshotEntirePage(Browser.java:103)
at com.assertthat.selenium_shutterbug.core.Shutterbug.shootPage(Shutterbug.java:98)
at com.assertthat.selenium_shutterbug.core.Shutterbug.shootPage(Shutterbug.java:72)
at com.assertthat.selenium_shutterbug.core.Shutterbug.shootPage(Shutterbug.java:58)
at fr.maif.library.Logs.logStepExecTNR(Logs.java:81)
at fr.maif.library.Logs.reportLogTNRError(Logs.java:28)
at fr.maif.library.ScriptsTechniquesStandard.verifTextByXpath(ScriptsTechniquesStandard.java:438)
at fr.maif.nomduprojet.tnr.modules.Verif.ChoixNon(Verif.java:625)
at fr.maif.nomduprojet.tnr.scenarii.NonSocietaireMCF.LaunchTest(NonSocietaireMCF.java:102)
at fr.maif.nomduprojet.tnr.scenarii.NonSocietaireMCF.TestMcfInscription(NonSocietaireMCF.java:90)
at sun.reflect.NativeMethodAccessorImpl.invoke0(Native Method)
at sun.reflect.NativeMethodAccessorImpl.invoke(Unknown Source)
at sun.reflect.DelegatingMethodAccessorImpl.invoke(Unknown Source)
at java.lang.reflect.Method.invoke(Unknown Source)
at org.testng.internal.MethodInvocationHelper.invokeMethod(MethodInvocationHelper.java:124)
at org.testng.internal.Invoker.invokeMethod(Invoker.java:580)
at org.testng.internal.Invoker.invokeTestMethod(Invoker.java:716)
at org.testng.internal.Invoker.invokeTestMethods(Invoker.java:988)
at org.testng.internal.TestMethodWorker.invokeTestMethods(TestMethodWorker.java:125)
at org.testng.internal.TestMethodWorker.run(TestMethodWorker.java:109)
at org.testng.TestRunner.privateRun(TestRunner.java:648)
at org.testng.TestRunner.run(TestRunner.java:505)
at org.testng.SuiteRunner.runTest(SuiteRunner.java:455)
at org.testng.SuiteRunner.runSequentially(SuiteRunner.java:450)
at org.testng.SuiteRunner.privateRun(SuiteRunner.java:415)
at org.testng.SuiteRunner.run(SuiteRunner.java:364)
at org.testng.SuiteRunnerWorker.runSuite(SuiteRunnerWorker.java:52)
at org.testng.SuiteRunnerWorker.run(SuiteRunnerWorker.java:84)
at org.testng.TestNG.runSuitesSequentially(TestNG.java:1208)
at org.testng.TestNG.runSuitesLocally(TestNG.java:1137)
at org.testng.TestNG.runSuites(TestNG.java:1049)
at org.testng.TestNG.run(TestNG.java:1017)
at org.testng.remote.AbstractRemoteTestNG.run(AbstractRemoteTestNG.java:114)
at org.testng.remote.RemoteTestNG.initAndRun(RemoteTestNG.java:251)
at org.testng.remote.RemoteTestNG.main(RemoteTestNG.java:77)
]]>
    </error>
  </testcase> <!-- TestMcfInscription -->
</testsuite> <!-- fr.maif.nomduprojet.tnr.scenarii.NonSocietaireMCF -->
